ARModel/build/intermediates/manifest_merge_blame_file/debug/manifest-merger-blame-debug-report.txt
1<?xml version="1.0" encoding="utf-8"?>
2<manifest xmlns:android="http://schemas.android.com/apk/res/android"
3    xmlns:tools="http://schemas.android.com/tools"
4    package="com.example.ARModel"
5    android:installLocation="preferExternal"
6    android:versionCode="1"
7    android:versionName="0.1" >
8
9    <uses-sdk
10        android:minSdkVersion="26"
10-->src/main/AndroidManifest.xml
11        android:targetSdkVersion="26" />
11-->src/main/AndroidManifest.xml
12
13    <supports-screens
13-->src/main/AndroidManifest.xml:49:5-54:40
14        android:anyDensity="true"
14-->src/main/AndroidManifest.xml:50:9-34
15        android:largeScreens="true"
15-->src/main/AndroidManifest.xml:51:9-36
16        android:normalScreens="true"
16-->src/main/AndroidManifest.xml:52:9-37
17        android:smallScreens="true"
17-->src/main/AndroidManifest.xml:53:9-36
18        android:xlargeScreens="true" />
18-->src/main/AndroidManifest.xml:54:9-37
19
20    <uses-feature android:glEsVersion="0x00030000" />
20-->src/main/AndroidManifest.xml:56:5-54
20-->src/main/AndroidManifest.xml:56:19-51
21    <uses-feature
21-->src/main/AndroidManifest.xml:58:5-60:36
22        android:name="android.hardware.location.gps"
22-->src/main/AndroidManifest.xml:59:9-53
23        android:required="false" />
23-->src/main/AndroidManifest.xml:60:9-33
24    <uses-feature
24-->src/main/AndroidManifest.xml:61:5-63:36
25        android:name="android.hardware.location"
25-->src/main/AndroidManifest.xml:62:9-49
26        android:required="false" />
26-->src/main/AndroidManifest.xml:63:9-33
27    <uses-feature
27-->src/main/AndroidManifest.xml:64:5-66:36
28        android:name="android.hardware.touchscreen"
28-->src/main/AndroidManifest.xml:65:9-52
29        android:required="false" />
29-->src/main/AndroidManifest.xml:66:9-33
30    <uses-feature
30-->src/main/AndroidManifest.xml:67:5-69:36
31        android:name="android.hardware.touchscreen.multitouch"
31-->src/main/AndroidManifest.xml:68:9-63
32        android:required="false" />
32-->src/main/AndroidManifest.xml:69:9-33
33    <uses-feature
33-->src/main/AndroidManifest.xml:71:5-73:36
34        android:name="android.hardware.touchscreen.multitouch.distinct"
34-->src/main/AndroidManifest.xml:72:9-72
35        android:required="false" />
35-->src/main/AndroidManifest.xml:73:9-33
36
37    <uses-permission android:name="android.permission.CAMERA" />
37-->src/main/AndroidManifest.xml:75:5-65
37-->src/main/AndroidManifest.xml:75:22-62
38    <uses-permission android:name="android.permission.INTERNET" />
38-->src/main/AndroidManifest.xml:76:5-67
38-->src/main/AndroidManifest.xml:76:22-64
39    <uses-permission android:name="android.permission.CHANGE_WIFI_MULTICAST_STATE" />
39-->src/main/AndroidManifest.xml:77:5-86
39-->src/main/AndroidManifest.xml:77:22-83
40    <uses-permission android:name="android.permission.ACCESS_FINE_LOCATION" />
40-->src/main/AndroidManifest.xml:78:5-79
40-->src/main/AndroidManifest.xml:78:22-76
41
42    <application android:label="@string/app_name" >
42-->src/main/AndroidManifest.xml:7:5-48:19
42-->src/main/AndroidManifest.xml:7:18-50
43
44        <!-- android:icon="@mipmap/app_icon" -->
45        <!-- android:theme="@style/UnityThemeSelector" -->
46        <activity
46-->src/main/AndroidManifest.xml:10:9-28:20
47            android:name="com.example.ARModel.UnityPlayerActivity"
47-->src/main/AndroidManifest.xml:11:13-67
48            android:configChanges="mcc|mnc|locale|touchscreen|keyboard|keyboardHidden|navigation|orientation|screenLayout|uiMode|screenSize|smallestScreenSize|fontScale|layoutDirection|density"
48-->src/main/AndroidManifest.xml:12:13-194
49            android:hardwareAccelerated="false"
49-->src/main/AndroidManifest.xml:13:13-48
50            android:label="@string/app_name"
50-->src/main/AndroidManifest.xml:14:13-45
51            android:launchMode="singleTask"
51-->src/main/AndroidManifest.xml:15:13-44
52            android:screenOrientation="fullSensor" >
52-->src/main/AndroidManifest.xml:16:13-51
53            <intent-filter>
53-->src/main/AndroidManifest.xml:17:13-20:29
54                <action android:name="android.intent.action.MAIN" />
54-->src/main/AndroidManifest.xml:18:17-69
54-->src/main/AndroidManifest.xml:18:25-66
55
56                <category android:name="android.intent.category.LAUNCHER" />
56-->src/main/AndroidManifest.xml:19:17-77
56-->src/main/AndroidManifest.xml:19:27-74
57            </intent-filter>
58
59            <meta-data
59-->src/main/AndroidManifest.xml:22:13-24:40
60                android:name="unityplayer.UnityActivity"
60-->src/main/AndroidManifest.xml:23:17-57
61                android:value="true" />
61-->src/main/AndroidManifest.xml:24:17-37
62            <meta-data
62-->src/main/AndroidManifest.xml:25:13-27:40
63                android:name="android.notch_support"
63-->src/main/AndroidManifest.xml:26:17-53
64                android:value="true" />
64-->src/main/AndroidManifest.xml:27:17-37
65        </activity>
66
67        <meta-data
67-->src/main/AndroidManifest.xml:30:9-32:36
68            android:name="unity.tango-enable"
68-->src/main/AndroidManifest.xml:31:13-46
69            android:value="True" />
69-->src/main/AndroidManifest.xml:32:13-33
70        <meta-data
70-->src/main/AndroidManifest.xml:33:9-35:36
71            android:name="unityplayer.SkipPermissionsDialog"
71-->src/main/AndroidManifest.xml:34:13-61
72            android:value="true" />
72-->src/main/AndroidManifest.xml:35:13-33
73        <meta-data
73-->src/main/AndroidManifest.xml:36:9-38:68
74            android:name="unity.build-id"
74-->src/main/AndroidManifest.xml:37:13-42
75            android:value="34e106f8-be5c-4e88-a5dd-a272ec9f7cfd" />
75-->src/main/AndroidManifest.xml:38:13-65
76        <meta-data
76-->src/main/AndroidManifest.xml:39:9-41:33
77            android:name="unity.splash-mode"
77-->src/main/AndroidManifest.xml:40:13-45
78            android:value="0" />
78-->src/main/AndroidManifest.xml:41:13-30
79        <meta-data
79-->src/main/AndroidManifest.xml:42:9-44:36
80            android:name="unity.splash-enable"
80-->src/main/AndroidManifest.xml:43:13-47
81            android:value="True" />
81-->src/main/AndroidManifest.xml:44:13-33
82        <meta-data
82-->src/main/AndroidManifest.xml:45:9-47:50
83            android:name="notch.config"
83-->src/main/AndroidManifest.xml:46:13-40
84            android:value="portrait|landscape" />
84-->src/main/AndroidManifest.xml:47:13-47
85    </application>
86
87</manifest>